# JRE version: Java(TM) SE Runtime Environment (8.0_251-b08) (build 1.8.0_251-b08)
# Java VM: Java HotSpot(TM) 64-Bit Server VM (25.251-b08 mixed mode windows-amd64 compressed oops)
Heap:
 PSYoungGen      total 275968K, used 0K [0x000000076b100000, 0x000000077d000000, 0x00000007c0000000)
  eden space 261120K, 0% used [0x000000076b100000,0x000000076b100000,0x000000077b000000)
  from space 14848K, 0% used [0x000000077bf80000,0x000000077bf80000,0x000000077ce00000)
  to   space 15872K, 0% used [0x000000077b000000,0x000000077b000000,0x000000077bf80000)
 ParOldGen       total 175104K, used 13654K [0x00000006c1200000, 0x00000006cbd00000, 0x000000076b100000)
  object space 175104K, 7% used [0x00000006c1200000,0x00000006c1f55ac0,0x00000006cbd00000)
 Metaspace       used 19869K, capacity 20428K, committed 20736K, reserved 1067008K
  class space    used 2271K, capacity 2465K, committed 2560K, reserved 1048576K
GC Heap History (10 events):
Event: 7.183 GC heap after
Heap after GC invocations=7 (full 0):
 PSYoungGen      total 143872K, used 7398K [0x000000076b100000, 0x000000077cb00000, 0x00000007c0000000)
  eden space 131072K, 0% used [0x000000076b100000,0x000000076b100000,0x0000000773100000)
  from space 12800K, 57% used [0x0000000773100000,0x0000000773839958,0x0000000773d80000)
  to   space 13312K, 0% used [0x000000077be00000,0x000000077be00000,0x000000077cb00000)
 ParOldGen       total 175104K, used 8792K [0x00000006c1200000, 0x00000006cbd00000, 0x000000076b100000)
  object space 175104K, 5% used [0x00000006c1200000,0x00000006c1a96308,0x00000006cbd00000)
 Metaspace       used 19839K, capacity 20428K, committed 20736K, reserved 1067008K
  class space    used 2270K, capacity 2465K, committed 2560K, reserved 1048576K
}
Event: 7.869 GC heap before
{Heap before GC invocations=8 (full 0):
 PSYoungGen      total 143872K, used 138470K [0x000000076b100000, 0x000000077cb00000, 0x00000007c0000000)
  eden space 131072K, 100% used [0x000000076b100000,0x0000000773100000,0x0000000773100000)
  from space 12800K, 57% used [0x0000000773100000,0x0000000773839958,0x0000000773d80000)
  to   space 13312K, 0% used [0x000000077be00000,0x000000077be00000,0x000000077cb00000)
 ParOldGen       total 175104K, used 8792K [0x00000006c1200000, 0x00000006cbd00000, 0x000000076b100000)
  object space 175104K, 5% used [0x00000006c1200000,0x00000006c1a96308,0x00000006cbd00000)
 Metaspace       used 19842K, capacity 20428K, committed 20736K, reserved 1067008K
  class space    used 2270K, capacity 2465K, committed 2560K, reserved 1048576K
Event: 7.894 GC heap after
Heap after GC invocations=8 (full 0):
 PSYoungGen      total 274432K, used 4176K [0x000000076b100000, 0x000000077cd00000, 0x00000007c0000000)
  eden space 261120K, 0% used [0x000000076b100000,0x000000076b100000,0x000000077b000000)
  from space 13312K, 31% used [0x000000077be00000,0x000000077c214288,0x000000077cb00000)
  to   space 14336K, 0% used [0x000000077b000000,0x000000077b000000,0x000000077be00000)
 ParOldGen       total 175104K, used 12508K [0x00000006c1200000, 0x00000006cbd00000, 0x000000076b100000)
  object space 175104K, 7% used [0x00000006c1200000,0x00000006c1e37338,0x00000006cbd00000)
 Metaspace       used 19842K, capacity 20428K, committed 20736K, reserved 1067008K
  class space    used 2270K, capacity 2465K, committed 2560K, reserved 1048576K
}
Event: 8.316 GC heap before
{Heap before GC invocations=9 (full 0):
 PSYoungGen      total 274432K, used 186528K [0x000000076b100000, 0x000000077cd00000, 0x00000007c0000000)
  eden space 261120K, 69% used [0x000000076b100000,0x0000000776314138,0x000000077b000000)
  from space 13312K, 31% used [0x000000077be00000,0x000000077c214288,0x000000077cb00000)
  to   space 14336K, 0% used [0x000000077b000000,0x000000077b000000,0x000000077be00000)
 ParOldGen       total 175104K, used 12508K [0x00000006c1200000, 0x00000006cbd00000, 0x000000076b100000)
  object space 175104K, 7% used [0x00000006c1200000,0x00000006c1e37338,0x00000006cbd00000)
 Metaspace       used 19869K, capacity 20428K, committed 20736K, reserved 1067008K
  class space    used 2271K, capacity 2465K, committed 2560K, reserved 1048576K
Event: 8.322 GC heap after
Heap after GC invocations=9 (full 0):
 PSYoungGen      total 275456K, used 5254K [0x000000076b100000, 0x000000077ce00000, 0x00000007c0000000)
  eden space 261120K, 0% used [0x000000076b100000,0x000000076b100000,0x000000077b000000)
  from space 14336K, 36% used [0x000000077b000000,0x000000077b521b98,0x000000077be00000)
  to   space 14848K, 0% used [0x000000077bf80000,0x000000077bf80000,0x000000077ce00000)
 ParOldGen       total 175104K, used 12724K [0x00000006c1200000, 0x00000006cbd00000, 0x000000076b100000)
  object space 175104K, 7% used [0x00000006c1200000,0x00000006c1e6d338,0x00000006cbd00000)
 Metaspace       used 19869K, capacity 20428K, committed 20736K, reserved 1067008K
  class space    used 2271K, capacity 2465K, committed 2560K, reserved 1048576K
}
Event: 8.322 GC heap before
{Heap before GC invocations=10 (full 1):
 PSYoungGen      total 275456K, used 5254K [0x000000076b100000, 0x000000077ce00000, 0x00000007c0000000)
  eden space 261120K, 0% used [0x000000076b100000,0x000000076b100000,0x000000077b000000)
  from space 14336K, 36% used [0x000000077b000000,0x000000077b521b98,0x000000077be00000)
  to   space 14848K, 0% used [0x000000077bf80000,0x000000077bf80000,0x000000077ce00000)
 ParOldGen       total 175104K, used 12724K [0x00000006c1200000, 0x00000006cbd00000, 0x000000076b100000)
  object space 175104K, 7% used [0x00000006c1200000,0x00000006c1e6d338,0x00000006cbd00000)
 Metaspace       used 19869K, capacity 20428K, committed 20736K, reserved 1067008K
  class space    used 2271K, capacity 2465K, committed 2560K, reserved 1048576K
Event: 8.367 GC heap after
Heap after GC invocations=10 (full 1):
 PSYoungGen      total 275456K, used 0K [0x000000076b100000, 0x000000077ce00000, 0x00000007c0000000)
  eden space 261120K, 0% used [0x000000076b100000,0x000000076b100000,0x000000077b000000)
  from space 14336K, 0% used [0x000000077b000000,0x000000077b000000,0x000000077be00000)
  to   space 14848K, 0% used [0x000000077bf80000,0x000000077bf80000,0x000000077ce00000)
 ParOldGen       total 175104K, used 13654K [0x00000006c1200000, 0x00000006cbd00000, 0x000000076b100000)
  object space 175104K, 7% used [0x00000006c1200000,0x00000006c1f55ac0,0x00000006cbd00000)
 Metaspace       used 19869K, capacity 20428K, committed 20736K, reserved 1067008K
  class space    used 2271K, capacity 2465K, committed 2560K, reserved 1048576K
}
Event: 8.369 GC heap before
{Heap before GC invocations=11 (full 1):
 PSYoungGen      total 275456K, used 0K [0x000000076b100000, 0x000000077ce00000, 0x00000007c0000000)
  eden space 261120K, 0% used [0x000000076b100000,0x000000076b100000,0x000000077b000000)
  from space 14336K, 0% used [0x000000077b000000,0x000000077b000000,0x000000077be00000)
  to   space 14848K, 0% used [0x000000077bf80000,0x000000077bf80000,0x000000077ce00000)
 ParOldGen       total 175104K, used 13654K [0x00000006c1200000, 0x00000006cbd00000, 0x000000076b100000)
  object space 175104K, 7% used [0x00000006c1200000,0x00000006c1f55ac0,0x00000006cbd00000)
 Metaspace       used 19869K, capacity 20428K, committed 20736K, reserved 1067008K
  class space    used 2271K, capacity 2465K, committed 2560K, reserved 1048576K
Event: 8.373 GC heap after
Heap after GC invocations=11 (full 1):
 PSYoungGen      total 275968K, used 0K [0x000000076b100000, 0x000000077d000000, 0x00000007c0000000)
  eden space 261120K, 0% used [0x000000076b100000,0x000000076b100000,0x000000077b000000)
  from space 14848K, 0% used [0x000000077bf80000,0x000000077bf80000,0x000000077ce00000)
  to   space 15872K, 0% used [0x000000077b000000,0x000000077b000000,0x000000077bf80000)
 ParOldGen       total 175104K, used 13654K [0x00000006c1200000, 0x00000006cbd00000, 0x000000076b100000)
  object space 175104K, 7% used [0x00000006c1200000,0x00000006c1f55ac0,0x00000006cbd00000)
 Metaspace       used 19869K, capacity 20428K, committed 20736K, reserved 1067008K
  class space    used 2271K, capacity 2465K, committed 2560K, reserved 1048576K
}
Event: 8.373 GC heap before
{Heap before GC invocations=12 (full 2):
 PSYoungGen      total 275968K, used 0K [0x000000076b100000, 0x000000077d000000, 0x00000007c0000000)
  eden space 261120K, 0% used [0x000000076b100000,0x000000076b100000,0x000000077b000000)
  from space 14848K, 0% used [0x000000077bf80000,0x000000077bf80000,0x000000077ce00000)
  to   space 15872K, 0% used [0x000000077b000000,0x000000077b000000,0x000000077bf80000)
 ParOldGen       total 175104K, used 13654K [0x00000006c1200000, 0x00000006cbd00000, 0x000000076b100000)
  object space 175104K, 7% used [0x00000006c1200000,0x00000006c1f55ac0,0x00000006cbd00000)
 Metaspace       used 19869K, capacity 20428K, committed 20736K, reserved 1067008K
  class space    used 2271K, capacity 2465K, committed 2560K, reserved 1048576K

